<?xml version="1.0" encoding="UTF-8"?>
<!-- Generated by org.testng.reporters.JUnitReportReporter -->
<testsuite skipped="0" hostname="DESKTOP-FMIMKLK" name="com.runner.WebTestRunner" tests="2" failures="0" timestamp="2022-05-05T21:13:03 IST" time="32.771" errors="0">
  <testcase name="runScenario" time="16.478" classname="com.runner.WebTestRunner"/>
  <system-out/>
  <testcase name="runScenario" time="16.293" classname="com.runner.WebTestRunner"/>
  <system-out/>
</testsuite> <!-- com.runner.WebTestRunner -->
