<?xml version="1.0" encoding="UTF-8"?>
<!-- Generated by org.testng.reporters.JUnitReportReporter -->
<testsuite skipped="0" hostname="DESKTOP-FMIMKLK" name="com.runner.WebTestRunner" tests="2" failures="0" timestamp="2022-05-05T20:33:49 IST" time="31.446" errors="0">
  <testcase name="runScenario" time="15.288" classname="com.runner.WebTestRunner"/>
  <system-out/>
  <testcase name="runScenario" time="16.158" classname="com.runner.WebTestRunner"/>
  <system-out/>
</testsuite> <!-- com.runner.WebTestRunner -->
