<?xml version="1.0" encoding="UTF-8"?>
<!-- Generated by org.testng.reporters.JUnitReportReporter -->
<testsuite skipped="0" hostname="DESKTOP-FMIMKLK" name="com.runner.TestRunner" tests="1" failures="0" timestamp="2022-05-05T19:03:39 IST" time="15.841" errors="0">
  <testcase name="runScenario" time="15.841" classname="com.runner.TestRunner"/>
  <system-out/>
</testsuite> <!-- com.runner.TestRunner -->
