<?xml version="1.0" encoding="UTF-8"?>
<!-- Generated by org.testng.reporters.JUnitReportReporter -->
<testsuite skipped="0" hostname="DESKTOP-FMIMKLK" name="com.runner.APITestRunner" tests="2" failures="0" timestamp="2022-05-05T20:33:49 IST" time="5.246" errors="0">
  <testcase name="runScenario" time="3.978" classname="com.runner.APITestRunner"/>
  <system-out/>
  <testcase name="runScenario" time="1.268" classname="com.runner.APITestRunner"/>
  <system-out/>
</testsuite> <!-- com.runner.APITestRunner -->
