<?xml version="1.0" encoding="UTF-8"?>
<!-- Generated by org.testng.reporters.JUnitReportReporter -->
<testsuite skipped="0" hostname="DESKTOP-FMIMKLK" name="com.runner.APITestRunner" tests="2" failures="0" timestamp="2022-05-05T21:13:03 IST" time="4.677" errors="0">
  <testcase name="runScenario" time="1.173" classname="com.runner.APITestRunner"/>
  <system-out/>
  <testcase name="runScenario" time="3.504" classname="com.runner.APITestRunner"/>
  <system-out/>
</testsuite> <!-- com.runner.APITestRunner -->
